<?xml version="1.0" encoding="utf-8"?><testsuites name="pytest tests"><testsuite name="pytest" errors="0" failures="0" skipped="0" tests="28" time="0.815" timestamp="2026-07-20T17:15:07.236878+00:00" hostname="agent-env-83b4efc7-2bb7-4354-88f1-33e3a763b006"><testcase classname="backend.tests.test_insert_core_scripts" name="test_on_conflict_count_is_19" time="0.000" /><testcase classname="backend.tests.test_insert_core_scripts" name="test_insert_statement_count_is_19" time="0.001" /><testcase classname="backend.tests.test_insert_core_scripts" name="test_no_backslash_escaped_quotes" time="0.000" /><testcase classname="backend.tests.test_insert_core_scripts" name="test_dollar_quoting_markers_present" time="0.001" /><testcase classname="backend.tests.test_insert_core_scripts" name="test_all_19_core_scripts_present_in_db" time="0.032" /><testcase classname="backend.tests.test_insert_core_scripts" name="test_execution_order_matches_spec" time="0.030" /><testcase classname="backend.tests.test_insert_core_scripts" name="test_byte_identical_content[core_apps.sh]" time="0.030" /><testcase classname="backend.tests.test_insert_core_scripts" name="test_byte_identical_content[core_branding.sh]" time="0.029" /><testcase classname="backend.tests.test_insert_core_scripts" name="test_byte_identical_content[core_browser.sh]" time="0.030" /><testcase classname="backend.tests.test_insert_core_scripts" name="test_byte_identical_content[core_config.sh]" time="0.030" /><testcase classname="backend.tests.test_insert_core_scripts" name="test_byte_identical_content[core_conky.sh]" time="0.030" /><testcase classname="backend.tests.test_insert_core_scripts" name="test_byte_identical_content[core_dns.sh]" time="0.029" /><testcase classname="backend.tests.test_insert_core_scripts" name="test_byte_identical_content[core_domain.sh]" time="0.031" /><testcase classname="backend.tests.test_insert_core_scripts" name="test_byte_identical_content[core_inventory.sh]" time="0.029" /><testcase classname="backend.tests.test_insert_core_scripts" name="test_byte_identical_content[core_legados.sh]" time="0.029" /><testcase classname="backend.tests.test_insert_core_scripts" name="test_byte_identical_content[core_logoff.sh]" time="0.030" /><testcase classname="backend.tests.test_insert_core_scripts" name="test_byte_identical_content[core_logon.sh]" time="0.031" /><testcase classname="backend.tests.test_insert_core_scripts" name="test_byte_identical_content[core_packages.sh]" time="0.030" /><testcase classname="backend.tests.test_insert_core_scripts" name="test_byte_identical_content[core_printers.sh]" time="0.029" /><testcase classname="backend.tests.test_insert_core_scripts" name="test_byte_identical_content[core_proxy.sh]" time="0.034" /><testcase classname="backend.tests.test_insert_core_scripts" name="test_byte_identical_content[core_repositories.sh]" time="0.031" /><testcase classname="backend.tests.test_insert_core_scripts" name="test_byte_identical_content[core_session_gdm3.sh]" time="0.030" /><testcase classname="backend.tests.test_insert_core_scripts" name="test_byte_identical_content[core_session_lightdm.sh]" time="0.030" /><testcase classname="backend.tests.test_insert_core_scripts" name="test_byte_identical_content[core_session_sddm.sh]" time="0.029" /><testcase classname="backend.tests.test_insert_core_scripts" name="test_byte_identical_content[core_vnc.sh]" time="0.030" /><testcase classname="backend.tests.test_insert_core_scripts" name="test_idempotent_reload" time="0.076" /><testcase classname="backend.tests.test_insert_core_scripts" name="test_special_char_ifs_preserved" time="0.033" /><testcase classname="backend.tests.test_insert_core_scripts" name="test_placeholders_preserved" time="0.031" /></testsuite></testsuites>